<?xml version="1.0" encoding="UTF-8"?>
<testsuite name="com.mahisoft.kamino.mssearch.service.SearchServiceTest" tests="12" skipped="0" failures="0" errors="0" timestamp="2020-05-25T17:36:16" hostname="Asus" time="0.505">
  <properties/>
  <testcase name="Test addRangeQuery with a single value()" classname="com.mahisoft.kamino.mssearch.service.SearchServiceTest" time="0.139"/>
  <testcase name="Test addRangeQuery with multiple values()" classname="com.mahisoft.kamino.mssearch.service.SearchServiceTest" time="0.091"/>
  <testcase name="Test addTextQuery with null values()" classname="com.mahisoft.kamino.mssearch.service.SearchServiceTest" time="0.035"/>
  <testcase name="Test addTextQuery with wrong number of arguments in match type()" classname="com.mahisoft.kamino.mssearch.service.SearchServiceTest" time="0.046"/>
  <testcase name="Test getQueryByType contained()" classname="com.mahisoft.kamino.mssearch.service.SearchServiceTest" time="0.041"/>
  <testcase name="Test addRangeQuery with empty values()" classname="com.mahisoft.kamino.mssearch.service.SearchServiceTest" time="0.012"/>
  <testcase name="Test addTextQuery with empty values()" classname="com.mahisoft.kamino.mssearch.service.SearchServiceTest" time="0.022"/>
  <testcase name="Test getQueryByType()" classname="com.mahisoft.kamino.mssearch.service.SearchServiceTest" time="0.024"/>
  <testcase name="Test getRangeFilter()" classname="com.mahisoft.kamino.mssearch.service.SearchServiceTest" time="0.012"/>
  <testcase name="Test addRangeQuery with null values()" classname="com.mahisoft.kamino.mssearch.service.SearchServiceTest" time="0.009"/>
  <testcase name="Test addTextQuery with a multiple values()" classname="com.mahisoft.kamino.mssearch.service.SearchServiceTest" time="0.019"/>
  <testcase name="Test addTextQuery with a single value()" classname="com.mahisoft.kamino.mssearch.service.SearchServiceTest" time="0.024"/>
  <system-out><![CDATA[2020-05-25 14:36:14.116  INFO 11637 --- [    Test worker] o.s.t.c.support.AbstractContextLoader    : Could not detect default resource locations for test class [com.mahisoft.kamino.mssearch.service.SearchServiceTest]: no resource found for suffixes {-context.xml, Context.groovy}.
2020-05-25 14:36:14.116  INFO 11637 --- [    Test worker] t.c.s.AnnotationConfigContextLoaderUtils : Could not detect default configuration classes for test class [com.mahisoft.kamino.mssearch.service.SearchServiceTest]: SearchServiceTest does not declare any static, non-private, non-final, nested classes annotated with @Configuration.
2020-05-25 14:36:14.127  INFO 11637 --- [    Test worker] .b.t.c.SpringBootTestContextBootstrapper : Found @SpringBootConfiguration com.mahisoft.kamino.mssearch.MsSearchApplication for test class com.mahisoft.kamino.mssearch.service.SearchServiceTest
2020-05-25 14:36:14.130  INFO 11637 --- [    Test worker] .b.t.c.SpringBootTestContextBootstrapper : Loaded default TestExecutionListener class names from location [META-INF/spring.factories]: [org.springframework.boot.test.autoconfigure.restdocs.RestDocsTestExecutionListener, org.springframework.boot.test.autoconfigure.web.client.MockRestServiceServerResetTestExecutionListener, org.springframework.boot.test.autoconfigure.web.servlet.MockMvcPrintOnlyOnFailureTestExecutionListener, org.springframework.boot.test.autoconfigure.web.servlet.WebDriverTestExecutionListener, org.springframework.boot.test.mock.mockito.MockitoTestExecutionListener, org.springframework.boot.test.mock.mockito.ResetMocksTestExecutionListener, org.springframework.test.context.web.ServletTestExecutionListener, org.springframework.test.context.support.DirtiesContextBeforeModesTestExecutionListener, org.springframework.test.context.support.DependencyInjectionTestExecutionListener, org.springframework.test.context.support.DirtiesContextTestExecutionListener, org.springframework.test.context.transaction.TransactionalTestExecutionListener, org.springframework.test.context.jdbc.SqlScriptsTestExecutionListener, org.springframework.test.context.event.EventPublishingTestExecutionListener]
2020-05-25 14:36:14.130  INFO 11637 --- [    Test worker] .b.t.c.SpringBootTestContextBootstrapper : Using TestExecutionListeners: [org.springframework.test.context.web.ServletTestExecutionListener@20cf0ddb, org.springframework.test.context.support.DirtiesContextBeforeModesTestExecutionListener@7957fdf, org.springframework.boot.test.mock.mockito.MockitoTestExecutionListener@39bcc98d, org.springframework.boot.test.autoconfigure.SpringBootDependencyInjectionTestExecutionListener@65c82cb4, org.springframework.test.context.support.DirtiesContextTestExecutionListener@3db15403, org.springframework.test.context.transaction.TransactionalTestExecutionListener@1176afed, org.springframework.test.context.jdbc.SqlScriptsTestExecutionListener@4e59fcef, org.springframework.test.context.event.EventPublishingTestExecutionListener@6ad0c41c, org.springframework.boot.test.autoconfigure.restdocs.RestDocsTestExecutionListener@5df68409, org.springframework.boot.test.autoconfigure.web.client.MockRestServiceServerResetTestExecutionListener@795b519d, org.springframework.boot.test.autoconfigure.web.servlet.MockMvcPrintOnlyOnFailureTestExecutionListener@78e464dd, org.springframework.boot.test.autoconfigure.web.servlet.WebDriverTestExecutionListener@1478bff9, org.springframework.boot.test.mock.mockito.ResetMocksTestExecutionListener@7dc7a7b3]
]]></system-out>
  <system-err><![CDATA[]]></system-err>
</testsuite>
