<?xml version="1.0" encoding="UTF-8"?>
<testsuite name="com.mahisoft.kamino.mssearch.rest.ColumnControllerTests" tests="11" skipped="0" failures="0" errors="0" timestamp="2020-05-25T17:36:12" hostname="Asus" time="1.425">
  <properties/>
  <testcase name="Test add user column with already existing relation()" classname="com.mahisoft.kamino.mssearch.rest.ColumnControllerTests" time="0.44"/>
  <testcase name="Test add user column with nonexistent column code()" classname="com.mahisoft.kamino.mssearch.rest.ColumnControllerTests" time="0.101"/>
  <testcase name="Get all available columns()" classname="com.mahisoft.kamino.mssearch.rest.ColumnControllerTests" time="0.147"/>
  <testcase name="Get filter columns()" classname="com.mahisoft.kamino.mssearch.rest.ColumnControllerTests" time="0.095"/>
  <testcase name="Test delete user column with nonexistent column-user relation()" classname="com.mahisoft.kamino.mssearch.rest.ColumnControllerTests" time="0.13"/>
  <testcase name="Get all available columns with all inactive columns()" classname="com.mahisoft.kamino.mssearch.rest.ColumnControllerTests" time="0.043"/>
  <testcase name="Test delete user column()" classname="com.mahisoft.kamino.mssearch.rest.ColumnControllerTests" time="0.181"/>
  <testcase name="Get display columns()" classname="com.mahisoft.kamino.mssearch.rest.ColumnControllerTests" time="0.069"/>
  <testcase name="Test add user column()" classname="com.mahisoft.kamino.mssearch.rest.ColumnControllerTests" time="0.121"/>
  <testcase name="Test get user columns()" classname="com.mahisoft.kamino.mssearch.rest.ColumnControllerTests" time="0.077"/>
  <testcase name="Test delete user column with nonexistent column()" classname="com.mahisoft.kamino.mssearch.rest.ColumnControllerTests" time="0.015"/>
  <system-out><![CDATA[2020-05-25 14:36:12.402  INFO 11637 --- [    Test worker] o.s.t.c.support.AbstractContextLoader    : Could not detect default resource locations for test class [com.mahisoft.kamino.mssearch.rest.ColumnControllerTests]: no resource found for suffixes {-context.xml, Context.groovy}.
2020-05-25 14:36:12.405  INFO 11637 --- [    Test worker] t.c.s.AnnotationConfigContextLoaderUtils : Could not detect default configuration classes for test class [com.mahisoft.kamino.mssearch.rest.ColumnControllerTests]: ColumnControllerTests does not declare any static, non-private, non-final, nested classes annotated with @Configuration.
2020-05-25 14:36:12.410  INFO 11637 --- [    Test worker] .b.t.c.SpringBootTestContextBootstrapper : Found @SpringBootConfiguration com.mahisoft.kamino.mssearch.MsSearchApplication for test class com.mahisoft.kamino.mssearch.rest.ColumnControllerTests
2020-05-25 14:36:12.414  INFO 11637 --- [    Test worker] .b.t.c.SpringBootTestContextBootstrapper : Loaded default TestExecutionListener class names from location [META-INF/spring.factories]: [org.springframework.boot.test.autoconfigure.restdocs.RestDocsTestExecutionListener, org.springframework.boot.test.autoconfigure.web.client.MockRestServiceServerResetTestExecutionListener, org.springframework.boot.test.autoconfigure.web.servlet.MockMvcPrintOnlyOnFailureTestExecutionListener, org.springframework.boot.test.autoconfigure.web.servlet.WebDriverTestExecutionListener, org.springframework.boot.test.mock.mockito.MockitoTestExecutionListener, org.springframework.boot.test.mock.mockito.ResetMocksTestExecutionListener, org.springframework.test.context.web.ServletTestExecutionListener, org.springframework.test.context.support.DirtiesContextBeforeModesTestExecutionListener, org.springframework.test.context.support.DependencyInjectionTestExecutionListener, org.springframework.test.context.support.DirtiesContextTestExecutionListener, org.springframework.test.context.transaction.TransactionalTestExecutionListener, org.springframework.test.context.jdbc.SqlScriptsTestExecutionListener, org.springframework.test.context.event.EventPublishingTestExecutionListener]
2020-05-25 14:36:12.415  INFO 11637 --- [    Test worker] .b.t.c.SpringBootTestContextBootstrapper : Using TestExecutionListeners: [org.springframework.test.context.web.ServletTestExecutionListener@33563a55, org.springframework.test.context.support.DirtiesContextBeforeModesTestExecutionListener@a558dd2, org.springframework.boot.test.mock.mockito.MockitoTestExecutionListener@4dfe9365, org.springframework.boot.test.autoconfigure.SpringBootDependencyInjectionTestExecutionListener@589d7393, org.springframework.test.context.support.DirtiesContextTestExecutionListener@5a1b7e47, org.springframework.test.context.transaction.TransactionalTestExecutionListener@7c8643cb, org.springframework.test.context.jdbc.SqlScriptsTestExecutionListener@45da9285, org.springframework.test.context.event.EventPublishingTestExecutionListener@76e87046, org.springframework.boot.test.autoconfigure.restdocs.RestDocsTestExecutionListener@7700d19a, org.springframework.boot.test.autoconfigure.web.client.MockRestServiceServerResetTestExecutionListener@39d65caa, org.springframework.boot.test.autoconfigure.web.servlet.MockMvcPrintOnlyOnFailureTestExecutionListener@2809afaf, org.springframework.boot.test.autoconfigure.web.servlet.WebDriverTestExecutionListener@1d5690a8, org.springframework.boot.test.mock.mockito.ResetMocksTestExecutionListener@6cab0e99]
]]></system-out>
  <system-err><![CDATA[]]></system-err>
</testsuite>
